<?xml version="1.0" encoding="UTF-8"?>
<testsuite xmlns:xsi="http://www.w3.org/2001/XMLSchema-instance" xsi:noNamespaceSchemaLocation="https://maven.apache.org/surefire/maven-surefire-plugin/xsd/surefire-test-report.xsd" name="com.bank.operations.OperationsApplicationTests" time="9.639" tests="1" errors="0" skipped="0" failures="0">
  <properties>
    <property name="sun.desktop" value="windows"/>
    <property name="awt.toolkit" value="sun.awt.windows.WToolkit"/>
    <property name="java.specification.version" value="11"/>
    <property name="sun.cpu.isalist" value="amd64"/>
    <property name="sun.jnu.encoding" value="Cp1252"/>
    <property name="java.class.path" value="C:\desenvolvimento\workspaces\treinamento\operations\target\test-classes;C:\desenvolvimento\workspaces\treinamento\operations\target\classes;C:\desenvolvimento\temp\repository\org\springframework\boot\spring-boot-starter-data-rest\2.5.6\spring-boot-starter-data-rest-2.5.6.jar;C:\desenvolvimento\temp\repository\org\springframework\data\spring-data-rest-webmvc\3.5.6\spring-data-rest-webmvc-3.5.6.jar;C:\desenvolvimento\temp\repository\org\springframework\data\spring-data-rest-core\3.5.6\spring-data-rest-core-3.5.6.jar;C:\desenvolvimento\temp\repository\org\springframework\spring-tx\5.3.12\spring-tx-5.3.12.jar;C:\desenvolvimento\temp\repository\org\springframework\hateoas\spring-hateoas\1.3.5\spring-hateoas-1.3.5.jar;C:\desenvolvimento\temp\repository\org\springframework\data\spring-data-commons\2.5.6\spring-data-commons-2.5.6.jar;C:\desenvolvimento\temp\repository\org\springframework\plugin\spring-plugin-core\2.0.0.RELEASE\spring-plugin-core-2.0.0.RELEASE.jar;C:\desenvolvimento\temp\repository\org\atteo\evo-inflector\1.2.2\evo-inflector-1.2.2.jar;C:\desenvolvimento\temp\repository\com\fasterxml\jackson\core\jackson-annotations\2.12.5\jackson-annotations-2.12.5.jar;C:\desenvolvimento\temp\repository\org\slf4j\slf4j-api\1.7.32\slf4j-api-1.7.32.jar;C:\desenvolvimento\temp\repository\org\springframework\boot\spring-boot-starter-web\2.5.6\spring-boot-starter-web-2.5.6.jar;C:\desenvolvimento\temp\repository\org\springframework\boot\spring-boot-starter\2.5.6\spring-boot-starter-2.5.6.jar;C:\desenvolvimento\temp\repository\org\springframework\boot\spring-boot-starter-logging\2.5.6\spring-boot-starter-logging-2.5.6.jar;C:\desenvolvimento\temp\repository\ch\qos\logback\logback-classic\1.2.6\logback-classic-1.2.6.jar;C:\desenvolvimento\temp\repository\ch\qos\logback\logback-core\1.2.6\logback-core-1.2.6.jar;C:\desenvolvimento\temp\repository\org\apache\logging\log4j\log4j-to-slf4j\2.14.1\log4j-to-slf4j-2.14.1.jar;C:\desenvolvimento\temp\repository\org\apache\logging\log4j\log4j-api\2.14.1\log4j-api-2.14.1.jar;C:\desenvolvimento\temp\repository\org\slf4j\jul-to-slf4j\1.7.32\jul-to-slf4j-1.7.32.jar;C:\desenvolvimento\temp\repository\jakarta\annotation\jakarta.annotation-api\1.3.5\jakarta.annotation-api-1.3.5.jar;C:\desenvolvimento\temp\repository\org\yaml\snakeyaml\1.28\snakeyaml-1.28.jar;C:\desenvolvimento\temp\repository\org\springframework\boot\spring-boot-starter-json\2.5.6\spring-boot-starter-json-2.5.6.jar;C:\desenvolvimento\temp\repository\com\fasterxml\jackson\datatype\jackson-datatype-jdk8\2.12.5\jackson-datatype-jdk8-2.12.5.jar;C:\desenvolvimento\temp\repository\com\fasterxml\jackson\datatype\jackson-datatype-jsr310\2.12.5\jackson-datatype-jsr310-2.12.5.jar;C:\desenvolvimento\temp\repository\com\fasterxml\jackson\module\jackson-module-parameter-names\2.12.5\jackson-module-parameter-names-2.12.5.jar;C:\desenvolvimento\temp\repository\org\springframework\boot\spring-boot-starter-tomcat\2.5.6\spring-boot-starter-tomcat-2.5.6.jar;C:\desenvolvimento\temp\repository\org\apache\tomcat\embed\tomcat-embed-core\9.0.54\tomcat-embed-core-9.0.54.jar;C:\desenvolvimento\temp\repository\org\apache\tomcat\embed\tomcat-embed-el\9.0.54\tomcat-embed-el-9.0.54.jar;C:\desenvolvimento\temp\repository\org\apache\tomcat\embed\tomcat-embed-websocket\9.0.54\tomcat-embed-websocket-9.0.54.jar;C:\desenvolvimento\temp\repository\org\springframework\spring-web\5.3.12\spring-web-5.3.12.jar;C:\desenvolvimento\temp\repository\org\springframework\spring-beans\5.3.12\spring-beans-5.3.12.jar;C:\desenvolvimento\temp\repository\org\springframework\spring-webmvc\5.3.12\spring-webmvc-5.3.12.jar;C:\desenvolvimento\temp\repository\org\springframework\spring-aop\5.3.12\spring-aop-5.3.12.jar;C:\desenvolvimento\temp\repository\org\springframework\spring-context\5.3.12\spring-context-5.3.12.jar;C:\desenvolvimento\temp\repository\org\springframework\spring-expression\5.3.12\spring-expression-5.3.12.jar;C:\desenvolvimento\temp\repository\org\springframework\boot\spring-boot-devtools\2.5.6\spring-boot-devtools-2.5.6.jar;C:\desenvolvimento\temp\repository\org\springframework\boot\spring-boot\2.5.6\spring-boot-2.5.6.jar;C:\desenvolvimento\temp\repository\org\springframework\boot\spring-boot-autoconfigure\2.5.6\spring-boot-autoconfigure-2.5.6.jar;C:\desenvolvimento\temp\repository\org\projectlombok\lombok\1.18.22\lombok-1.18.22.jar;C:\desenvolvimento\temp\repository\org\springframework\boot\spring-boot-starter-test\2.5.6\spring-boot-starter-test-2.5.6.jar;C:\desenvolvimento\temp\repository\org\springframework\boot\spring-boot-test\2.5.6\spring-boot-test-2.5.6.jar;C:\desenvolvimento\temp\repository\org\springframework\boot\spring-boot-test-autoconfigure\2.5.6\spring-boot-test-autoconfigure-2.5.6.jar;C:\desenvolvimento\temp\repository\com\jayway\jsonpath\json-path\2.5.0\json-path-2.5.0.jar;C:\desenvolvimento\temp\repository\net\minidev\json-smart\2.4.7\json-smart-2.4.7.jar;C:\desenvolvimento\temp\repository\net\minidev\accessors-smart\2.4.7\accessors-smart-2.4.7.jar;C:\desenvolvimento\temp\repository\org\ow2\asm\asm\9.1\asm-9.1.jar;C:\desenvolvimento\temp\repository\jakarta\xml\bind\jakarta.xml.bind-api\2.3.3\jakarta.xml.bind-api-2.3.3.jar;C:\desenvolvimento\temp\repository\jakarta\activation\jakarta.activation-api\1.2.2\jakarta.activation-api-1.2.2.jar;C:\desenvolvimento\temp\repository\org\assertj\assertj-core\3.19.0\assertj-core-3.19.0.jar;C:\desenvolvimento\temp\repository\org\hamcrest\hamcrest\2.2\hamcrest-2.2.jar;C:\desenvolvimento\temp\repository\org\junit\jupiter\junit-jupiter\5.7.2\junit-jupiter-5.7.2.jar;C:\desenvolvimento\temp\repository\org\junit\jupiter\junit-jupiter-api\5.7.2\junit-jupiter-api-5.7.2.jar;C:\desenvolvimento\temp\repository\org\apiguardian\apiguardian-api\1.1.0\apiguardian-api-1.1.0.jar;C:\desenvolvimento\temp\repository\org\opentest4j\opentest4j\1.2.0\opentest4j-1.2.0.jar;C:\desenvolvimento\temp\repository\org\junit\platform\junit-platform-commons\1.7.2\junit-platform-commons-1.7.2.jar;C:\desenvolvimento\temp\repository\org\junit\jupiter\junit-jupiter-params\5.7.2\junit-jupiter-params-5.7.2.jar;C:\desenvolvimento\temp\repository\org\junit\jupiter\junit-jupiter-engine\5.7.2\junit-jupiter-engine-5.7.2.jar;C:\desenvolvimento\temp\repository\org\junit\platform\junit-platform-engine\1.7.2\junit-platform-engine-1.7.2.jar;C:\desenvolvimento\temp\repository\org\mockito\mockito-core\3.9.0\mockito-core-3.9.0.jar;C:\desenvolvimento\temp\repository\net\bytebuddy\byte-buddy\1.10.22\byte-buddy-1.10.22.jar;C:\desenvolvimento\temp\repository\net\bytebuddy\byte-buddy-agent\1.10.22\byte-buddy-agent-1.10.22.jar;C:\desenvolvimento\temp\repository\org\objenesis\objenesis\3.2\objenesis-3.2.jar;C:\desenvolvimento\temp\repository\org\mockito\mockito-junit-jupiter\3.9.0\mockito-junit-jupiter-3.9.0.jar;C:\desenvolvimento\temp\repository\org\skyscreamer\jsonassert\1.5.0\jsonassert-1.5.0.jar;C:\desenvolvimento\temp\repository\com\vaadin\external\google\android-json\0.0.20131108.vaadin1\android-json-0.0.20131108.vaadin1.jar;C:\desenvolvimento\temp\repository\org\springframework\spring-core\5.3.12\spring-core-5.3.12.jar;C:\desenvolvimento\temp\repository\org\springframework\spring-jcl\5.3.12\spring-jcl-5.3.12.jar;C:\desenvolvimento\temp\repository\org\springframework\spring-test\5.3.12\spring-test-5.3.12.jar;C:\desenvolvimento\temp\repository\org\xmlunit\xmlunit-core\2.8.3\xmlunit-core-2.8.3.jar;C:\desenvolvimento\temp\repository\org\springframework\cloud\spring-cloud-starter-netflix-eureka-client\3.0.3\spring-cloud-starter-netflix-eureka-client-3.0.3.jar;C:\desenvolvimento\temp\repository\org\springframework\cloud\spring-cloud-starter\3.0.3\spring-cloud-starter-3.0.3.jar;C:\desenvolvimento\temp\repository\org\springframework\cloud\spring-cloud-context\3.0.3\spring-cloud-context-3.0.3.jar;C:\desenvolvimento\temp\repository\org\springframework\cloud\spring-cloud-commons\3.0.3\spring-cloud-commons-3.0.3.jar;C:\desenvolvimento\temp\repository\org\springframework\security\spring-security-rsa\1.0.10.RELEASE\spring-security-rsa-1.0.10.RELEASE.jar;C:\desenvolvimento\temp\repository\org\bouncycastle\bcpkix-jdk15on\1.68\bcpkix-jdk15on-1.68.jar;C:\desenvolvimento\temp\repository\org\bouncycastle\bcprov-jdk15on\1.68\bcprov-jdk15on-1.68.jar;C:\desenvolvimento\temp\repository\org\springframework\cloud\spring-cloud-netflix-eureka-client\3.0.3\spring-cloud-netflix-eureka-client-3.0.3.jar;C:\desenvolvimento\temp\repository\com\netflix\eureka\eureka-client\1.10.14\eureka-client-1.10.14.jar;C:\desenvolvimento\temp\repository\com\netflix\netflix-commons\netflix-eventbus\0.3.0\netflix-eventbus-0.3.0.jar;C:\desenvolvimento\temp\repository\com\netflix\netflix-commons\netflix-infix\0.3.0\netflix-infix-0.3.0.jar;C:\desenvolvimento\temp\repository\commons-jxpath\commons-jxpath\1.3\commons-jxpath-1.3.jar;C:\desenvolvimento\temp\repository\joda-time\joda-time\2.3\joda-time-2.3.jar;C:\desenvolvimento\temp\repository\org\antlr\antlr-runtime\3.4\antlr-runtime-3.4.jar;C:\desenvolvimento\temp\repository\org\antlr\stringtemplate\3.2.1\stringtemplate-3.2.1.jar;C:\desenvolvimento\temp\repository\antlr\antlr\2.7.7\antlr-2.7.7.jar;C:\desenvolvimento\temp\repository\com\google\code\gson\gson\2.8.8\gson-2.8.8.jar;C:\desenvolvimento\temp\repository\org\apache\commons\commons-math\2.2\commons-math-2.2.jar;C:\desenvolvimento\temp\repository\com\thoughtworks\xstream\xstream\1.4.16\xstream-1.4.16.jar;C:\desenvolvimento\temp\repository\io\github\x-stream\mxparser\1.2.1\mxparser-1.2.1.jar;C:\desenvolvimento\temp\repository\xmlpull\xmlpull\1.1.3.1\xmlpull-1.1.3.1.jar;C:\desenvolvimento\temp\repository\javax\ws\rs\jsr311-api\1.1.1\jsr311-api-1.1.1.jar;C:\desenvolvimento\temp\repository\com\netflix\servo\servo-core\0.12.21\servo-core-0.12.21.jar;C:\desenvolvimento\temp\repository\com\google\guava\guava\19.0\guava-19.0.jar;C:\desenvolvimento\temp\repository\org\apache\httpcomponents\httpclient\4.5.13\httpclient-4.5.13.jar;C:\desenvolvimento\temp\repository\org\apache\httpcomponents\httpcore\4.4.14\httpcore-4.4.14.jar;C:\desenvolvimento\temp\repository\commons-codec\commons-codec\1.15\commons-codec-1.15.jar;C:\desenvolvimento\temp\repository\commons-configuration\commons-configuration\1.10\commons-configuration-1.10.jar;C:\desenvolvimento\temp\repository\commons-lang\commons-lang\2.6\commons-lang-2.6.jar;C:\desenvolvimento\temp\repository\com\google\inject\guice\4.1.0\guice-4.1.0.jar;C:\desenvolvimento\temp\repository\javax\inject\javax.inject\1\javax.inject-1.jar;C:\desenvolvimento\temp\repository\aopalliance\aopalliance\1.0\aopalliance-1.0.jar;C:\desenvolvimento\temp\repository\com\fasterxml\jackson\core\jackson-core\2.12.5\jackson-core-2.12.5.jar;C:\desenvolvimento\temp\repository\org\codehaus\jettison\jettison\1.4.0\jettison-1.4.0.jar;C:\desenvolvimento\temp\repository\com\netflix\eureka\eureka-core\1.10.14\eureka-core-1.10.14.jar;C:\desenvolvimento\temp\repository\com\fasterxml\woodstox\woodstox-core\6.2.1\woodstox-core-6.2.1.jar;C:\desenvolvimento\temp\repository\org\codehaus\woodstox\stax2-api\4.2.1\stax2-api-4.2.1.jar;C:\desenvolvimento\temp\repository\org\springframework\cloud\spring-cloud-starter-loadbalancer\3.0.3\spring-cloud-starter-loadbalancer-3.0.3.jar;C:\desenvolvimento\temp\repository\org\springframework\cloud\spring-cloud-loadbalancer\3.0.3\spring-cloud-loadbalancer-3.0.3.jar;C:\desenvolvimento\temp\repository\org\springframework\boot\spring-boot-starter-validation\2.5.6\spring-boot-starter-validation-2.5.6.jar;C:\desenvolvimento\temp\repository\org\hibernate\validator\hibernate-validator\6.2.0.Final\hibernate-validator-6.2.0.Final.jar;C:\desenvolvimento\temp\repository\jakarta\validation\jakarta.validation-api\2.0.2\jakarta.validation-api-2.0.2.jar;C:\desenvolvimento\temp\repository\org\jboss\logging\jboss-logging\3.4.2.Final\jboss-logging-3.4.2.Final.jar;C:\desenvolvimento\temp\repository\com\fasterxml\classmate\1.5.1\classmate-1.5.1.jar;C:\desenvolvimento\temp\repository\io\projectreactor\reactor-core\3.4.11\reactor-core-3.4.11.jar;C:\desenvolvimento\temp\repository\org\reactivestreams\reactive-streams\1.0.3\reactive-streams-1.0.3.jar;C:\desenvolvimento\temp\repository\io\projectreactor\addons\reactor-extra\3.4.5\reactor-extra-3.4.5.jar;C:\desenvolvimento\temp\repository\org\springframework\boot\spring-boot-starter-cache\2.5.6\spring-boot-starter-cache-2.5.6.jar;C:\desenvolvimento\temp\repository\org\springframework\spring-context-support\5.3.12\spring-context-support-5.3.12.jar;C:\desenvolvimento\temp\repository\com\stoyanr\evictor\1.0.0\evictor-1.0.0.jar;C:\desenvolvimento\temp\repository\org\springframework\cloud\spring-cloud-starter-bootstrap\3.0.3\spring-cloud-starter-bootstrap-3.0.3.jar;C:\desenvolvimento\temp\repository\org\springframework\cloud\spring-cloud-starter-config\3.0.4\spring-cloud-starter-config-3.0.4.jar;C:\desenvolvimento\temp\repository\org\springframework\cloud\spring-cloud-config-client\3.0.4\spring-cloud-config-client-3.0.4.jar;C:\desenvolvimento\temp\repository\com\fasterxml\jackson\core\jackson-databind\2.12.5\jackson-databind-2.12.5.jar;C:\desenvolvimento\temp\repository\org\springframework\boot\spring-boot-starter-oauth2-resource-server\2.5.6\spring-boot-starter-oauth2-resource-server-2.5.6.jar;C:\desenvolvimento\temp\repository\org\springframework\security\spring-security-config\5.5.3\spring-security-config-5.5.3.jar;C:\desenvolvimento\temp\repository\org\springframework\security\spring-security-core\5.5.3\spring-security-core-5.5.3.jar;C:\desenvolvimento\temp\repository\org\springframework\security\spring-security-crypto\5.5.3\spring-security-crypto-5.5.3.jar;C:\desenvolvimento\temp\repository\org\springframework\security\spring-security-oauth2-resource-server\5.5.3\spring-security-oauth2-resource-server-5.5.3.jar;C:\desenvolvimento\temp\repository\org\springframework\security\spring-security-oauth2-core\5.5.3\spring-security-oauth2-core-5.5.3.jar;C:\desenvolvimento\temp\repository\org\springframework\security\spring-security-web\5.5.3\spring-security-web-5.5.3.jar;C:\desenvolvimento\temp\repository\org\springframework\security\spring-security-oauth2-jose\5.5.3\spring-security-oauth2-jose-5.5.3.jar;C:\desenvolvimento\temp\repository\com\nimbusds\nimbus-jose-jwt\9.10.1\nimbus-jose-jwt-9.10.1.jar;C:\desenvolvimento\temp\repository\com\github\stephenc\jcip\jcip-annotations\1.0-1\jcip-annotations-1.0-1.jar;"/>
    <property name="java.vm.vendor" value="Oracle Corporation"/>
    <property name="sun.arch.data.model" value="64"/>
    <property name="user.variant" value=""/>
    <property name="java.vendor.url" value="https://openjdk.java.net/"/>
    <property name="user.timezone" value="America/Sao_Paulo"/>
    <property name="java.vm.specification.version" value="11"/>
    <property name="os.name" value="Windows 10"/>
    <property name="sun.java.launcher" value="SUN_STANDARD"/>
    <property name="user.country" value="BR"/>
    <property name="sun.boot.library.path" value="C:\Program Files\Java\jdk-11.0.12\bin"/>
    <property name="sun.java.command" value="C:\Users\JOAO~1.SOU\AppData\Local\Temp\surefire4065975799989727713\surefirebooter4500766254130511789.jar C:\Users\joao.souza\AppData\Local\Temp\surefire4065975799989727713 2021-11-18T14-40-44_953-jvmRun1 surefire14606955094203664050tmp surefire_03169591136836361330tmp"/>
    <property name="jdk.debug" value="release"/>
    <property name="surefire.test.class.path" value="C:\desenvolvimento\workspaces\treinamento\operations\target\test-classes;C:\desenvolvimento\workspaces\treinamento\operations\target\classes;C:\desenvolvimento\temp\repository\org\springframework\boot\spring-boot-starter-data-rest\2.5.6\spring-boot-starter-data-rest-2.5.6.jar;C:\desenvolvimento\temp\repository\org\springframework\data\spring-data-rest-webmvc\3.5.6\spring-data-rest-webmvc-3.5.6.jar;C:\desenvolvimento\temp\repository\org\springframework\data\spring-data-rest-core\3.5.6\spring-data-rest-core-3.5.6.jar;C:\desenvolvimento\temp\repository\org\springframework\spring-tx\5.3.12\spring-tx-5.3.12.jar;C:\desenvolvimento\temp\repository\org\springframework\hateoas\spring-hateoas\1.3.5\spring-hateoas-1.3.5.jar;C:\desenvolvimento\temp\repository\org\springframework\data\spring-data-commons\2.5.6\spring-data-commons-2.5.6.jar;C:\desenvolvimento\temp\repository\org\springframework\plugin\spring-plugin-core\2.0.0.RELEASE\spring-plugin-core-2.0.0.RELEASE.jar;C:\desenvolvimento\temp\repository\org\atteo\evo-inflector\1.2.2\evo-inflector-1.2.2.jar;C:\desenvolvimento\temp\repository\com\fasterxml\jackson\core\jackson-annotations\2.12.5\jackson-annotations-2.12.5.jar;C:\desenvolvimento\temp\repository\org\slf4j\slf4j-api\1.7.32\slf4j-api-1.7.32.jar;C:\desenvolvimento\temp\repository\org\springframework\boot\spring-boot-starter-web\2.5.6\spring-boot-starter-web-2.5.6.jar;C:\desenvolvimento\temp\repository\org\springframework\boot\spring-boot-starter\2.5.6\spring-boot-starter-2.5.6.jar;C:\desenvolvimento\temp\repository\org\springframework\boot\spring-boot-starter-logging\2.5.6\spring-boot-starter-logging-2.5.6.jar;C:\desenvolvimento\temp\repository\ch\qos\logback\logback-classic\1.2.6\logback-classic-1.2.6.jar;C:\desenvolvimento\temp\repository\ch\qos\logback\logback-core\1.2.6\logback-core-1.2.6.jar;C:\desenvolvimento\temp\repository\org\apache\logging\log4j\log4j-to-slf4j\2.14.1\log4j-to-slf4j-2.14.1.jar;C:\desenvolvimento\temp\repository\org\apache\logging\log4j\log4j-api\2.14.1\log4j-api-2.14.1.jar;C:\desenvolvimento\temp\repository\org\slf4j\jul-to-slf4j\1.7.32\jul-to-slf4j-1.7.32.jar;C:\desenvolvimento\temp\repository\jakarta\annotation\jakarta.annotation-api\1.3.5\jakarta.annotation-api-1.3.5.jar;C:\desenvolvimento\temp\repository\org\yaml\snakeyaml\1.28\snakeyaml-1.28.jar;C:\desenvolvimento\temp\repository\org\springframework\boot\spring-boot-starter-json\2.5.6\spring-boot-starter-json-2.5.6.jar;C:\desenvolvimento\temp\repository\com\fasterxml\jackson\datatype\jackson-datatype-jdk8\2.12.5\jackson-datatype-jdk8-2.12.5.jar;C:\desenvolvimento\temp\repository\com\fasterxml\jackson\datatype\jackson-datatype-jsr310\2.12.5\jackson-datatype-jsr310-2.12.5.jar;C:\desenvolvimento\temp\repository\com\fasterxml\jackson\module\jackson-module-parameter-names\2.12.5\jackson-module-parameter-names-2.12.5.jar;C:\desenvolvimento\temp\repository\org\springframework\boot\spring-boot-starter-tomcat\2.5.6\spring-boot-starter-tomcat-2.5.6.jar;C:\desenvolvimento\temp\repository\org\apache\tomcat\embed\tomcat-embed-core\9.0.54\tomcat-embed-core-9.0.54.jar;C:\desenvolvimento\temp\repository\org\apache\tomcat\embed\tomcat-embed-el\9.0.54\tomcat-embed-el-9.0.54.jar;C:\desenvolvimento\temp\repository\org\apache\tomcat\embed\tomcat-embed-websocket\9.0.54\tomcat-embed-websocket-9.0.54.jar;C:\desenvolvimento\temp\repository\org\springframework\spring-web\5.3.12\spring-web-5.3.12.jar;C:\desenvolvimento\temp\repository\org\springframework\spring-beans\5.3.12\spring-beans-5.3.12.jar;C:\desenvolvimento\temp\repository\org\springframework\spring-webmvc\5.3.12\spring-webmvc-5.3.12.jar;C:\desenvolvimento\temp\repository\org\springframework\spring-aop\5.3.12\spring-aop-5.3.12.jar;C:\desenvolvimento\temp\repository\org\springframework\spring-context\5.3.12\spring-context-5.3.12.jar;C:\desenvolvimento\temp\repository\org\springframework\spring-expression\5.3.12\spring-expression-5.3.12.jar;C:\desenvolvimento\temp\repository\org\springframework\boot\spring-boot-devtools\2.5.6\spring-boot-devtools-2.5.6.jar;C:\desenvolvimento\temp\repository\org\springframework\boot\spring-boot\2.5.6\spring-boot-2.5.6.jar;C:\desenvolvimento\temp\repository\org\springframework\boot\spring-boot-autoconfigure\2.5.6\spring-boot-autoconfigure-2.5.6.jar;C:\desenvolvimento\temp\repository\org\projectlombok\lombok\1.18.22\lombok-1.18.22.jar;C:\desenvolvimento\temp\repository\org\springframework\boot\spring-boot-starter-test\2.5.6\spring-boot-starter-test-2.5.6.jar;C:\desenvolvimento\temp\repository\org\springframework\boot\spring-boot-test\2.5.6\spring-boot-test-2.5.6.jar;C:\desenvolvimento\temp\repository\org\springframework\boot\spring-boot-test-autoconfigure\2.5.6\spring-boot-test-autoconfigure-2.5.6.jar;C:\desenvolvimento\temp\repository\com\jayway\jsonpath\json-path\2.5.0\json-path-2.5.0.jar;C:\desenvolvimento\temp\repository\net\minidev\json-smart\2.4.7\json-smart-2.4.7.jar;C:\desenvolvimento\temp\repository\net\minidev\accessors-smart\2.4.7\accessors-smart-2.4.7.jar;C:\desenvolvimento\temp\repository\org\ow2\asm\asm\9.1\asm-9.1.jar;C:\desenvolvimento\temp\repository\jakarta\xml\bind\jakarta.xml.bind-api\2.3.3\jakarta.xml.bind-api-2.3.3.jar;C:\desenvolvimento\temp\repository\jakarta\activation\jakarta.activation-api\1.2.2\jakarta.activation-api-1.2.2.jar;C:\desenvolvimento\temp\repository\org\assertj\assertj-core\3.19.0\assertj-core-3.19.0.jar;C:\desenvolvimento\temp\repository\org\hamcrest\hamcrest\2.2\hamcrest-2.2.jar;C:\desenvolvimento\temp\repository\org\junit\jupiter\junit-jupiter\5.7.2\junit-jupiter-5.7.2.jar;C:\desenvolvimento\temp\repository\org\junit\jupiter\junit-jupiter-api\5.7.2\junit-jupiter-api-5.7.2.jar;C:\desenvolvimento\temp\repository\org\apiguardian\apiguardian-api\1.1.0\apiguardian-api-1.1.0.jar;C:\desenvolvimento\temp\repository\org\opentest4j\opentest4j\1.2.0\opentest4j-1.2.0.jar;C:\desenvolvimento\temp\repository\org\junit\platform\junit-platform-commons\1.7.2\junit-platform-commons-1.7.2.jar;C:\desenvolvimento\temp\repository\org\junit\jupiter\junit-jupiter-params\5.7.2\junit-jupiter-params-5.7.2.jar;C:\desenvolvimento\temp\repository\org\junit\jupiter\junit-jupiter-engine\5.7.2\junit-jupiter-engine-5.7.2.jar;C:\desenvolvimento\temp\repository\org\junit\platform\junit-platform-engine\1.7.2\junit-platform-engine-1.7.2.jar;C:\desenvolvimento\temp\repository\org\mockito\mockito-core\3.9.0\mockito-core-3.9.0.jar;C:\desenvolvimento\temp\repository\net\bytebuddy\byte-buddy\1.10.22\byte-buddy-1.10.22.jar;C:\desenvolvimento\temp\repository\net\bytebuddy\byte-buddy-agent\1.10.22\byte-buddy-agent-1.10.22.jar;C:\desenvolvimento\temp\repository\org\objenesis\objenesis\3.2\objenesis-3.2.jar;C:\desenvolvimento\temp\repository\org\mockito\mockito-junit-jupiter\3.9.0\mockito-junit-jupiter-3.9.0.jar;C:\desenvolvimento\temp\repository\org\skyscreamer\jsonassert\1.5.0\jsonassert-1.5.0.jar;C:\desenvolvimento\temp\repository\com\vaadin\external\google\android-json\0.0.20131108.vaadin1\android-json-0.0.20131108.vaadin1.jar;C:\desenvolvimento\temp\repository\org\springframework\spring-core\5.3.12\spring-core-5.3.12.jar;C:\desenvolvimento\temp\repository\org\springframework\spring-jcl\5.3.12\spring-jcl-5.3.12.jar;C:\desenvolvimento\temp\repository\org\springframework\spring-test\5.3.12\spring-test-5.3.12.jar;C:\desenvolvimento\temp\repository\org\xmlunit\xmlunit-core\2.8.3\xmlunit-core-2.8.3.jar;C:\desenvolvimento\temp\repository\org\springframework\cloud\spring-cloud-starter-netflix-eureka-client\3.0.3\spring-cloud-starter-netflix-eureka-client-3.0.3.jar;C:\desenvolvimento\temp\repository\org\springframework\cloud\spring-cloud-starter\3.0.3\spring-cloud-starter-3.0.3.jar;C:\desenvolvimento\temp\repository\org\springframework\cloud\spring-cloud-context\3.0.3\spring-cloud-context-3.0.3.jar;C:\desenvolvimento\temp\repository\org\springframework\cloud\spring-cloud-commons\3.0.3\spring-cloud-commons-3.0.3.jar;C:\desenvolvimento\temp\repository\org\springframework\security\spring-security-rsa\1.0.10.RELEASE\spring-security-rsa-1.0.10.RELEASE.jar;C:\desenvolvimento\temp\repository\org\bouncycastle\bcpkix-jdk15on\1.68\bcpkix-jdk15on-1.68.jar;C:\desenvolvimento\temp\repository\org\bouncycastle\bcprov-jdk15on\1.68\bcprov-jdk15on-1.68.jar;C:\desenvolvimento\temp\repository\org\springframework\cloud\spring-cloud-netflix-eureka-client\3.0.3\spring-cloud-netflix-eureka-client-3.0.3.jar;C:\desenvolvimento\temp\repository\com\netflix\eureka\eureka-client\1.10.14\eureka-client-1.10.14.jar;C:\desenvolvimento\temp\repository\com\netflix\netflix-commons\netflix-eventbus\0.3.0\netflix-eventbus-0.3.0.jar;C:\desenvolvimento\temp\repository\com\netflix\netflix-commons\netflix-infix\0.3.0\netflix-infix-0.3.0.jar;C:\desenvolvimento\temp\repository\commons-jxpath\commons-jxpath\1.3\commons-jxpath-1.3.jar;C:\desenvolvimento\temp\repository\joda-time\joda-time\2.3\joda-time-2.3.jar;C:\desenvolvimento\temp\repository\org\antlr\antlr-runtime\3.4\antlr-runtime-3.4.jar;C:\desenvolvimento\temp\repository\org\antlr\stringtemplate\3.2.1\stringtemplate-3.2.1.jar;C:\desenvolvimento\temp\repository\antlr\antlr\2.7.7\antlr-2.7.7.jar;C:\desenvolvimento\temp\repository\com\google\code\gson\gson\2.8.8\gson-2.8.8.jar;C:\desenvolvimento\temp\repository\org\apache\commons\commons-math\2.2\commons-math-2.2.jar;C:\desenvolvimento\temp\repository\com\thoughtworks\xstream\xstream\1.4.16\xstream-1.4.16.jar;C:\desenvolvimento\temp\repository\io\github\x-stream\mxparser\1.2.1\mxparser-1.2.1.jar;C:\desenvolvimento\temp\repository\xmlpull\xmlpull\1.1.3.1\xmlpull-1.1.3.1.jar;C:\desenvolvimento\temp\repository\javax\ws\rs\jsr311-api\1.1.1\jsr311-api-1.1.1.jar;C:\desenvolvimento\temp\repository\com\netflix\servo\servo-core\0.12.21\servo-core-0.12.21.jar;C:\desenvolvimento\temp\repository\com\google\guava\guava\19.0\guava-19.0.jar;C:\desenvolvimento\temp\repository\org\apache\httpcomponents\httpclient\4.5.13\httpclient-4.5.13.jar;C:\desenvolvimento\temp\repository\org\apache\httpcomponents\httpcore\4.4.14\httpcore-4.4.14.jar;C:\desenvolvimento\temp\repository\commons-codec\commons-codec\1.15\commons-codec-1.15.jar;C:\desenvolvimento\temp\repository\commons-configuration\commons-configuration\1.10\commons-configuration-1.10.jar;C:\desenvolvimento\temp\repository\commons-lang\commons-lang\2.6\commons-lang-2.6.jar;C:\desenvolvimento\temp\repository\com\google\inject\guice\4.1.0\guice-4.1.0.jar;C:\desenvolvimento\temp\repository\javax\inject\javax.inject\1\javax.inject-1.jar;C:\desenvolvimento\temp\repository\aopalliance\aopalliance\1.0\aopalliance-1.0.jar;C:\desenvolvimento\temp\repository\com\fasterxml\jackson\core\jackson-core\2.12.5\jackson-core-2.12.5.jar;C:\desenvolvimento\temp\repository\org\codehaus\jettison\jettison\1.4.0\jettison-1.4.0.jar;C:\desenvolvimento\temp\repository\com\netflix\eureka\eureka-core\1.10.14\eureka-core-1.10.14.jar;C:\desenvolvimento\temp\repository\com\fasterxml\woodstox\woodstox-core\6.2.1\woodstox-core-6.2.1.jar;C:\desenvolvimento\temp\repository\org\codehaus\woodstox\stax2-api\4.2.1\stax2-api-4.2.1.jar;C:\desenvolvimento\temp\repository\org\springframework\cloud\spring-cloud-starter-loadbalancer\3.0.3\spring-cloud-starter-loadbalancer-3.0.3.jar;C:\desenvolvimento\temp\repository\org\springframework\cloud\spring-cloud-loadbalancer\3.0.3\spring-cloud-loadbalancer-3.0.3.jar;C:\desenvolvimento\temp\repository\org\springframework\boot\spring-boot-starter-validation\2.5.6\spring-boot-starter-validation-2.5.6.jar;C:\desenvolvimento\temp\repository\org\hibernate\validator\hibernate-validator\6.2.0.Final\hibernate-validator-6.2.0.Final.jar;C:\desenvolvimento\temp\repository\jakarta\validation\jakarta.validation-api\2.0.2\jakarta.validation-api-2.0.2.jar;C:\desenvolvimento\temp\repository\org\jboss\logging\jboss-logging\3.4.2.Final\jboss-logging-3.4.2.Final.jar;C:\desenvolvimento\temp\repository\com\fasterxml\classmate\1.5.1\classmate-1.5.1.jar;C:\desenvolvimento\temp\repository\io\projectreactor\reactor-core\3.4.11\reactor-core-3.4.11.jar;C:\desenvolvimento\temp\repository\org\reactivestreams\reactive-streams\1.0.3\reactive-streams-1.0.3.jar;C:\desenvolvimento\temp\repository\io\projectreactor\addons\reactor-extra\3.4.5\reactor-extra-3.4.5.jar;C:\desenvolvimento\temp\repository\org\springframework\boot\spring-boot-starter-cache\2.5.6\spring-boot-starter-cache-2.5.6.jar;C:\desenvolvimento\temp\repository\org\springframework\spring-context-support\5.3.12\spring-context-support-5.3.12.jar;C:\desenvolvimento\temp\repository\com\stoyanr\evictor\1.0.0\evictor-1.0.0.jar;C:\desenvolvimento\temp\repository\org\springframework\cloud\spring-cloud-starter-bootstrap\3.0.3\spring-cloud-starter-bootstrap-3.0.3.jar;C:\desenvolvimento\temp\repository\org\springframework\cloud\spring-cloud-starter-config\3.0.4\spring-cloud-starter-config-3.0.4.jar;C:\desenvolvimento\temp\repository\org\springframework\cloud\spring-cloud-config-client\3.0.4\spring-cloud-config-client-3.0.4.jar;C:\desenvolvimento\temp\repository\com\fasterxml\jackson\core\jackson-databind\2.12.5\jackson-databind-2.12.5.jar;C:\desenvolvimento\temp\repository\org\springframework\boot\spring-boot-starter-oauth2-resource-server\2.5.6\spring-boot-starter-oauth2-resource-server-2.5.6.jar;C:\desenvolvimento\temp\repository\org\springframework\security\spring-security-config\5.5.3\spring-security-config-5.5.3.jar;C:\desenvolvimento\temp\repository\org\springframework\security\spring-security-core\5.5.3\spring-security-core-5.5.3.jar;C:\desenvolvimento\temp\repository\org\springframework\security\spring-security-crypto\5.5.3\spring-security-crypto-5.5.3.jar;C:\desenvolvimento\temp\repository\org\springframework\security\spring-security-oauth2-resource-server\5.5.3\spring-security-oauth2-resource-server-5.5.3.jar;C:\desenvolvimento\temp\repository\org\springframework\security\spring-security-oauth2-core\5.5.3\spring-security-oauth2-core-5.5.3.jar;C:\desenvolvimento\temp\repository\org\springframework\security\spring-security-web\5.5.3\spring-security-web-5.5.3.jar;C:\desenvolvimento\temp\repository\org\springframework\security\spring-security-oauth2-jose\5.5.3\spring-security-oauth2-jose-5.5.3.jar;C:\desenvolvimento\temp\repository\com\nimbusds\nimbus-jose-jwt\9.10.1\nimbus-jose-jwt-9.10.1.jar;C:\desenvolvimento\temp\repository\com\github\stephenc\jcip\jcip-annotations\1.0-1\jcip-annotations-1.0-1.jar;"/>
    <property name="sun.cpu.endian" value="little"/>
    <property name="user.home" value="C:\Users\joao.souza"/>
    <property name="user.language" value="pt"/>
    <property name="java.specification.vendor" value="Oracle Corporation"/>
    <property name="java.version.date" value="2021-07-20"/>
    <property name="java.home" value="C:\Program Files\Java\jdk-11.0.12"/>
    <property name="file.separator" value="\"/>
    <property name="basedir" value="C:\desenvolvimento\workspaces\treinamento\operations"/>
    <property name="java.vm.compressedOopsMode" value="32-bit"/>
    <property name="line.separator" value="&#10;"/>
    <property name="java.specification.name" value="Java Platform API Specification"/>
    <property name="java.vm.specification.vendor" value="Oracle Corporation"/>
    <property name="java.awt.graphicsenv" value="sun.awt.Win32GraphicsEnvironment"/>
    <property name="surefire.real.class.path" value="C:\Users\JOAO~1.SOU\AppData\Local\Temp\surefire4065975799989727713\surefirebooter4500766254130511789.jar"/>
    <property name="user.script" value=""/>
    <property name="sun.management.compiler" value="HotSpot 64-Bit Tiered Compilers"/>
    <property name="java.runtime.version" value="11.0.12+8-LTS-237"/>
    <property name="user.name" value="joao.souza"/>
    <property name="path.separator" value=";"/>
    <property name="os.version" value="10.0"/>
    <property name="java.runtime.name" value="Java(TM) SE Runtime Environment"/>
    <property name="file.encoding" value="Cp1252"/>
    <property name="java.vm.name" value="Java HotSpot(TM) 64-Bit Server VM"/>
    <property name="java.vendor.version" value="18.9"/>
    <property name="localRepository" value="C:\desenvolvimento\temp\repository"/>
    <property name="java.vendor.url.bug" value="https://bugreport.java.com/bugreport/"/>
    <property name="java.io.tmpdir" value="C:\Users\JOAO~1.SOU\AppData\Local\Temp\"/>
    <property name="java.version" value="11.0.12"/>
    <property name="user.dir" value="C:\desenvolvimento\workspaces\treinamento\operations"/>
    <property name="os.arch" value="amd64"/>
    <property name="java.vm.specification.name" value="Java Virtual Machine Specification"/>
    <property name="java.awt.printerjob" value="sun.awt.windows.WPrinterJob"/>
    <property name="sun.os.patch.level" value=""/>
    <property name="java.library.path" value="C:\Program Files\Java\jdk-11.0.12\bin;C:\Windows\Sun\Java\bin;C:\Windows\system32;C:\Windows;C:\Program Files\Java\jdk-11.0.12\bin;C:\Program Files\Common Files\Oracle\Java\javapath;C:\Windows\system32;C:\Windows;C:\Windows\System32\Wbem;C:\Windows\System32\WindowsPowerShell\v1.0\;C:\Windows\System32\OpenSSH\;C:\desenvolvimento\configuration\tools\apache-maven-3.8.3\bin;;C:\Program Files\Docker\Docker\resources\bin;C:\ProgramData\DockerDesktop\version-bin;C:\Users\joao.souza\AppData\Local\Microsoft\WindowsApps;;."/>
    <property name="java.vendor" value="Oracle Corporation"/>
    <property name="java.vm.info" value="mixed mode"/>
    <property name="java.vm.version" value="11.0.12+8-LTS-237"/>
    <property name="sun.io.unicode.encoding" value="UnicodeLittle"/>
    <property name="java.class.version" value="55.0"/>
  </properties>
  <testcase name="contextLoads" classname="com.bank.operations.OperationsApplicationTests" time="0.499"/>
</testsuite>